<?xml version="1.0" encoding="UTF-8"?>
<testng-results skipped="0" failed="0" ignored="0" total="1" passed="1">
  <reporter-output>
  </reporter-output>
  <suite name="Suite2" duration-ms="49094" started-at="2018-08-19T13:01:55Z" finished-at="2018-08-19T13:02:44Z">
    <groups>
    </groups>
    <test name="TestRunner1" duration-ms="49094" started-at="2018-08-19T13:01:55Z" finished-at="2018-08-19T13:02:44Z">
      <class name="com.qa.way.tests.TestNGTest">
        <test-method status="PASS" signature="setup()[pri:0, instance:com.qa.way.tests.TestNGTest@6093dd95]" name="setup" is-config="true" duration-ms="47483" started-at="2018-08-19T13:01:55Z" finished-at="2018-08-19T13:02:42Z">
          <reporter-output>
          </reporter-output>
        </test-method> <!-- setup -->
        <test-method status="PASS" signature="demoTest()[pri:0, instance:com.qa.way.tests.TestNGTest@6093dd95]" name="demoTest" duration-ms="57" started-at="2018-08-19T13:02:42Z" finished-at="2018-08-19T13:02:42Z">
          <reporter-output>
          </reporter-output>
        </test-method> <!-- demoTest -->
        <test-method status="PASS" signature="tearDown()[pri:0, instance:com.qa.way.tests.TestNGTest@6093dd95]" name="tearDown" is-config="true" duration-ms="1455" started-at="2018-08-19T13:02:42Z" finished-at="2018-08-19T13:02:44Z">
          <reporter-output>
          </reporter-output>
        </test-method> <!-- tearDown -->
      </class> <!-- com.qa.way.tests.TestNGTest -->
    </test> <!-- TestRunner1 -->
  </suite> <!-- Suite2 -->
</testng-results>
